<?xml version="1.0" encoding="UTF-8"?>
<!-- Generated by org.testng.reporters.JUnitReportReporter -->
<testsuite hostname="DESKTOP-O0U48S3" failures="0" tests="1" name="jenkinssam.Broserlaunch" time="5.417" errors="0" timestamp="2023-04-25T11:41:27 IST" skipped="0">
  <testcase classname="jenkinssam.Broserlaunch" name="browsertest" time="5.417"/>
  <system-out/>
</testsuite> <!-- jenkinssam.Broserlaunch -->
