<?xml version="1.0" encoding="UTF-8"?>
<!-- Generated by org.testng.reporters.JUnitReportReporter -->
<testsuite hostname="DESKTOP-O0U48S3" failures="0" tests="1" name="jenkinssam.Broserlaunch" time="5.254" errors="0" timestamp="2023-04-25T12:09:07 IST" skipped="0">
  <testcase classname="jenkinssam.Broserlaunch" name="browsertest" time="5.254"/>
  <system-out/>
</testsuite> <!-- jenkinssam.Broserlaunch -->
