<?xml version="1.0" encoding="UTF-8"?>
<!-- Generated by org.testng.reporters.JUnitReportReporter -->
<testsuite hostname="DESKTOP-O0U48S3" failures="0" tests="1" name="jenkinssam.Sample1" time="0.006" errors="0" timestamp="2023-04-25T11:41:27 IST" skipped="0">
  <testcase classname="jenkinssam.Sample1" name="sampletest" time="0.006"/>
  <system-out/>
</testsuite> <!-- jenkinssam.Sample1 -->
