<?xml version="1.0" encoding="UTF-8"?>
<!-- Generated by org.testng.reporters.JUnitReportReporter -->
<testsuite skipped="0" hostname="DESKTOP-O0U48S3" name="jenkinssam.Sample1" tests="1" failures="0" timestamp="2023-04-25T11:46:23 IST" time="0.003" errors="0">
  <testcase name="sampletest" time="0.003" classname="jenkinssam.Sample1"/>
  <system-out/>
</testsuite> <!-- jenkinssam.Sample1 -->
