<?xml version="1.0" encoding="UTF-8"?>
<!-- Generated by org.testng.reporters.JUnitReportReporter -->
<testsuite skipped="0" hostname="DESKTOP-O0U48S3" name="jenkinssam.Broserlaunch" tests="1" failures="0" timestamp="2023-04-25T11:46:23 IST" time="5.979" errors="0">
  <testcase name="browsertest" time="5.979" classname="jenkinssam.Broserlaunch"/>
  <system-out/>
</testsuite> <!-- jenkinssam.Broserlaunch -->
